<?xml version="1.0" encoding="UTF-8"?>
<!-- Generated by org.testng.reporters.JUnitReportReporter -->
<testsuite hostname="LAPTOP-NEGDCA0S" failures="0" tests="3" name="com.crm.comcast.orgTest.CreateOrgTest" time="32.882" errors="0" timestamp="2025-07-16T10:58:40 IST" skipped="0">
  <testcase classname="com.crm.comcast.orgTest.CreateOrgTest" name="createOrgTest" time="11.442"/>
  <system-out/>
  <testcase classname="com.crm.comcast.orgTest.CreateOrgTest" name="CreateOrganizationWithIndustriesTest" time="10.797"/>
  <system-out/>
  <testcase classname="com.crm.comcast.orgTest.CreateOrgTest" name="CreateOrgWithPhoneNumberTest" time="10.643"/>
  <system-out/>
</testsuite> <!-- com.crm.comcast.orgTest.CreateOrgTest -->
