<?xml version="1.0" encoding="UTF-8"?>
<!-- Generated by org.testng.reporters.JUnitReportReporter -->
<testsuite hostname="LAPTOP-NEGDCA0S" failures="0" tests="3" name="Practice.TestScript_Practice" time="0.017" errors="0" timestamp="2025-07-08T17:05:23 IST" skipped="0">
  <testcase classname="Practice.TestScript_Practice" name="GoodMorning" time="0.009"/>
  <system-out/>
  <testcase classname="Practice.TestScript_Practice" name="GoodAfternoon" time="0.005"/>
  <system-out/>
  <testcase classname="Practice.TestScript_Practice" name="GoodNight" time="0.003"/>
  <system-out/>
</testsuite> <!-- Practice.TestScript_Practice -->
