<?xml version="1.0" encoding="UTF-8"?>
<!-- Generated by org.testng.reporters.JUnitReportReporter -->
<testsuite hostname="LAPTOP-NEGDCA0S" failures="0" tests="1" name="practice_testng.SampleReportTest" time="2.421" errors="0" timestamp="2025-07-15T14:38:09 IST" skipped="0">
  <testcase classname="practice_testng.SampleReportTest" name="CreateContactTest" time="2.421"/>
  <system-out/>
</testsuite> <!-- practice_testng.SampleReportTest -->
